<html>
<body>
<pre>
<h1>Vision Build Log</h1>
<h2>Tool Versions:</h2>
IDE-Version: μVision V5.26.2.0
Copyright (C) 2018 ARM Ltd and ARM Germany GmbH. All rights reserved.
License Information: 1 Moon, 1, LIC=CZLZ9-4ZM2P-74RS0-BD36W-ZKPD8-VKBFJ
 
Tool Versions:
Toolchain:       MDK-ARM Plus  Version: 5.26.2.0
Toolchain Path:  C:\Keil_v5\ARM\ARMCC\Bin
C Compiler:      Armcc.exe V5.06 update 6 (build 750)
Assembler:       Armasm.exe V5.06 update 6 (build 750)
Linker/Locator:  ArmLink.exe V5.06 update 6 (build 750)
Library Manager: ArmAr.exe V5.06 update 6 (build 750)
Hex Converter:   FromElf.exe V5.06 update 6 (build 750)
CPU DLL:         SARMCM3.DLL V5.26.2.0
Dialog DLL:      DCM.DLL V1.17.2.0
Target DLL:      STLink\ST-LINKIII-KEIL_SWO.dll V3.0.5.0
Dialog DLL:      TCM.DLL V1.36.1.0
 
<h2>Project:</h2>
C:\Users\Moon\Desktop\集中控制产品\集中控制产品\多通道水肥一体机\MainBoard\USER\UCOSII-3.uvprojx
Project File Date:  06/24/2019

<h2>Output:</h2>
*** Using Compiler 'V5.06 update 6 (build 750)', folder: 'C:\Keil_v5\ARM\ARMCC\Bin'
Build target 'UCOSII-3'
compiling logic.c...
logic.c(59): warning:  #177-D: variable "MsgtempBlk"  was declared but never referenced
      MsgStruct MsgtempBlk;
logic.c(133): error:  #169: expected a declaration
  }
logic.c(158): warning:  #12-D: parsing restarts here after previous syntax error
      temp1=fercaldate.Th_C;
logic.c(159): error:  #77-D: this declaration has no storage class or type specifier
      temp1=temp1/100;
logic.c(159): error:  #28: expression must have a constant value
      temp1=temp1/100;
logic.c(160): error:  #77-D: this declaration has no storage class or type specifier
      temp2=fercaldate.formula_C;
logic.c(160): error:  #28: expression must have a constant value
      temp2=fercaldate.formula_C;
logic.c(161): error:  #77-D: this declaration has no storage class or type specifier
      temp2=temp2/100;
logic.c(161): error:  #148: variable "temp2"  has already been initialized
      temp2=temp2/100;
logic.c(161): error:  #28: expression must have a constant value
      temp2=temp2/100;
logic.c(162): error:  #77-D: this declaration has no storage class or type specifier
      fercaldate.M_C=temp2*temp*fercaldate.amount;
logic.c(162): error:  #147: declaration is incompatible with "fercal fercaldate"  (declared at line 20)
      fercaldate.M_C=temp2*temp*fercaldate.amount;
logic.c(162): error:  #65: expected a ";"
      fercaldate.M_C=temp2*temp*fercaldate.amount;
logic.c(163): error:  #77-D: this declaration has no storage class or type specifier
      temp1=fercaldate.Th_D;
logic.c(163): error:  #148: variable "temp1"  has already been initialized
      temp1=fercaldate.Th_D;
logic.c(163): error:  #28: expression must have a constant value
      temp1=fercaldate.Th_D;
logic.c(164): error:  #77-D: this declaration has no storage class or type specifier
      temp1=temp1/100;
logic.c(164): error:  #148: variable "temp1"  has already been initialized
      temp1=temp1/100;
logic.c(164): error:  #28: expression must have a constant value
      temp1=temp1/100;
logic.c(165): error:  #77-D: this declaration has no storage class or type specifier
      temp2=fercaldate.formula_D;
logic.c(165): error:  #148: variable "temp2"  has already been initialized
      temp2=fercaldate.formula_D;
logic.c(165): error:  #28: expression must have a constant value
      temp2=fercaldate.formula_D;
logic.c(166): error:  #77-D: this declaration has no storage class or type specifier
      temp2=temp2/100;
logic.c(166): error:  #148: variable "temp2"  has already been initialized
      temp2=temp2/100;
logic.c(166): error:  #28: expression must have a constant value
      temp2=temp2/100;
logic.c(167): error:  #77-D: this declaration has no storage class or type specifier
      fercaldate.M_D=temp2*temp*fercaldate.amount;
logic.c(167): error:  #147: declaration is incompatible with "fercal fercaldate"  (declared at line 162)
      fercaldate.M_D=temp2*temp*fercaldate.amount;
logic.c(167): error:  #65: expected a ";"
      fercaldate.M_D=temp2*temp*fercaldate.amount;
logic.c(169): error:  #169: expected a declaration
  }
logic.c(210): warning:  #12-D: parsing restarts here after previous syntax error
      temp2=temp2/100;
logic.c(211): error:  #77-D: this declaration has no storage class or type specifier
      Use_D_Kg=fercaldate.Q_D*fercaldate.PH_D*temp1/temp2;
logic.c(211): error:  #147: declaration is incompatible with "float Use_D_Kg"  (declared at line 27)
      Use_D_Kg=fercaldate.Q_D*fercaldate.PH_D*temp1/temp2;
logic.c(211): error:  #148: variable "Use_D_Kg"  has already been initialized
      Use_D_Kg=fercaldate.Q_D*fercaldate.PH_D*temp1/temp2;
logic.c: 3 warnings, 30 errors
"..\OBJ\UCOSII-3.axf" - 30 Error(s), 3 Warning(s).

<h2>Software Packages used:</h2>

Package Vendor: Keil
                http://www.keil.com/pack/Keil.STM32F1xx_DFP.2.3.0.pack
                Keil.STM32F1xx_DFP.2.3.0
                STMicroelectronics STM32F1 Series Device Support, Drivers and Examples

<h2>Collection of Component include folders:</h2>
  .\RTE\_UCOSII-3
  C:\Keil_v5\ARM\PACK\Keil\STM32F1xx_DFP\2.3.0\Device\Include

<h2>Collection of Component Files used:</h2>
Target not created.
Build Time Elapsed:  00:00:07
</pre>
</body>
</html>
